# JRE version: OpenJDK Runtime Environment (15.0.2+7) (build 15.0.2+7-27)
# Java VM: OpenJDK 64-Bit Server VM (15.0.2+7-27, mixed mode, tiered, compressed oops, g1 gc, windows-amd64)
GC Precious Log:
 CPUs: 4 total, 4 available
 Memory: 8107M
 Large Page Support: Disabled
 NUMA Support: Disabled
 Compressed Oops: Enabled (32-bit)
 Heap Region Size: 1M
 Heap Min Capacity: 8M
 Heap Initial Capacity: 128M
 Heap Max Capacity: 2028M
 Pre-touch: Disabled
 Parallel Workers: 4
 Concurrent Workers: 1
 Concurrent Refinement Workers: 4
 Periodic GC: Disabled
Heap:
 garbage-first heap   total 71680K, used 52603K [0x0000000081400000, 0x0000000100000000)
  region size 1024K, 34 young (34816K), 3 survivors (3072K)
 Metaspace       used 58877K, capacity 59618K, committed 59648K, reserved 1101824K
  class space    used 7629K, capacity 7931K, committed 7936K, reserved 1048576K
GC Heap History (20 events):
Event: 3.700 GC heap before
{Heap before GC invocations=14 (full 0):
 garbage-first heap   total 61440K, used 49943K [0x0000000081400000, 0x0000000100000000)
  region size 1024K, 36 young (36864K), 2 survivors (2048K)
 Metaspace       used 42514K, capacity 43002K, committed 43264K, reserved 1087488K
  class space    used 5370K, capacity 5548K, committed 5632K, reserved 1048576K
}
Event: 3.705 GC heap after
{Heap after GC invocations=15 (full 0):
 garbage-first heap   total 61440K, used 17008K [0x0000000081400000, 0x0000000100000000)
  region size 1024K, 4 young (4096K), 4 survivors (4096K)
 Metaspace       used 42514K, capacity 43002K, committed 43264K, reserved 1087488K
  class space    used 5370K, capacity 5548K, committed 5632K, reserved 1048576K
}
Event: 4.299 GC heap before
{Heap before GC invocations=15 (full 0):
 garbage-first heap   total 61440K, used 48752K [0x0000000081400000, 0x0000000100000000)
  region size 1024K, 36 young (36864K), 4 survivors (4096K)
 Metaspace       used 50715K, capacity 51186K, committed 51328K, reserved 1093632K
  class space    used 6484K, capacity 6673K, committed 6784K, reserved 1048576K
}
Event: 4.306 GC heap after
{Heap after GC invocations=16 (full 0):
 garbage-first heap   total 73728K, used 20002K [0x0000000081400000, 0x0000000100000000)
  region size 1024K, 5 young (5120K), 5 survivors (5120K)
 Metaspace       used 50715K, capacity 51186K, committed 51328K, reserved 1093632K
  class space    used 6484K, capacity 6673K, committed 6784K, reserved 1048576K
}
Event: 5.199 GC heap before
{Heap before GC invocations=16 (full 0):
 garbage-first heap   total 73728K, used 57890K [0x0000000081400000, 0x0000000100000000)
  region size 1024K, 42 young (43008K), 5 survivors (5120K)
 Metaspace       used 56361K, capacity 56946K, committed 57216K, reserved 1099776K
  class space    used 7266K, capacity 7499K, committed 7552K, reserved 1048576K
}
Event: 5.210 GC heap after
{Heap after GC invocations=17 (full 0):
 garbage-first heap   total 73728K, used 23193K [0x0000000081400000, 0x0000000100000000)
  region size 1024K, 6 young (6144K), 6 survivors (6144K)
 Metaspace       used 56361K, capacity 56946K, committed 57216K, reserved 1099776K
  class space    used 7266K, capacity 7499K, committed 7552K, reserved 1048576K
}
Event: 386.252 GC heap before
{Heap before GC invocations=17 (full 0):
 garbage-first heap   total 73728K, used 45721K [0x0000000081400000, 0x0000000100000000)
  region size 1024K, 29 young (29696K), 6 survivors (6144K)
 Metaspace       used 58523K, capacity 59155K, committed 59392K, reserved 1101824K
  class space    used 7593K, capacity 7830K, committed 7936K, reserved 1048576K
}
Event: 386.286 GC heap after
{Heap after GC invocations=18 (full 1):
 garbage-first heap   total 73728K, used 20437K [0x0000000081400000, 0x0000000100000000)
  region size 1024K, 0 young (0K), 0 survivors (0K)
 Metaspace       used 58523K, capacity 59155K, committed 59392K, reserved 1101824K
  class space    used 7593K, capacity 7830K, committed 7936K, reserved 1048576K
}
Event: 386.674 GC heap before
{Heap before GC invocations=18 (full 1):
 garbage-first heap   total 73728K, used 55253K [0x0000000081400000, 0x0000000100000000)
  region size 1024K, 35 young (35840K), 0 survivors (0K)
 Metaspace       used 58552K, capacity 59186K, committed 59392K, reserved 1101824K
  class space    used 7599K, capacity 7839K, committed 7936K, reserved 1048576K
}
Event: 386.677 GC heap after
{Heap after GC invocations=19 (full 1):
 garbage-first heap   total 73728K, used 23306K [0x0000000081400000, 0x0000000100000000)
  region size 1024K, 3 young (3072K), 3 survivors (3072K)
 Metaspace       used 58552K, capacity 59186K, committed 59392K, reserved 1101824K
  class space    used 7599K, capacity 7839K, committed 7936K, reserved 1048576K
}
Event: 386.687 GC heap before
{Heap before GC invocations=19 (full 1):
 garbage-first heap   total 73728K, used 55050K [0x0000000081400000, 0x0000000100000000)
  region size 1024K, 35 young (35840K), 3 survivors (3072K)
 Metaspace       used 58552K, capacity 59186K, committed 59392K, reserved 1101824K
  class space    used 7599K, capacity 7839K, committed 7936K, reserved 1048576K
}
Event: 386.690 GC heap after
{Heap after GC invocations=20 (full 1):
 garbage-first heap   total 73728K, used 22783K [0x0000000081400000, 0x0000000100000000)
  region size 1024K, 3 young (3072K), 3 survivors (3072K)
 Metaspace       used 58552K, capacity 59186K, committed 59392K, reserved 1101824K
  class space    used 7599K, capacity 7839K, committed 7936K, reserved 1048576K
}
Event: 647.860 GC heap before
{Heap before GC invocations=20 (full 1):
 garbage-first heap   total 73728K, used 55551K [0x0000000081400000, 0x0000000100000000)
  region size 1024K, 36 young (36864K), 3 survivors (3072K)
 Metaspace       used 58695K, capacity 59373K, committed 59648K, reserved 1101824K
  class space    used 7610K, capacity 7877K, committed 7936K, reserved 1048576K
}
Event: 647.871 GC heap after
{Heap after GC invocations=21 (full 1):
 garbage-first heap   total 73728K, used 24319K [0x0000000081400000, 0x0000000100000000)
  region size 1024K, 4 young (4096K), 4 survivors (4096K)
 Metaspace       used 58695K, capacity 59373K, committed 59648K, reserved 1101824K
  class space    used 7610K, capacity 7877K, committed 7936K, reserved 1048576K
}
Event: 647.923 GC heap before
{Heap before GC invocations=21 (full 1):
 garbage-first heap   total 73728K, used 25343K [0x0000000081400000, 0x0000000100000000)
  region size 1024K, 6 young (6144K), 4 survivors (4096K)
 Metaspace       used 58698K, capacity 59379K, committed 59648K, reserved 1101824K
  class space    used 7610K, capacity 7879K, committed 7936K, reserved 1048576K
}
Event: 647.967 GC heap after
{Heap after GC invocations=22 (full 2):
 garbage-first heap   total 71680K, used 20615K [0x0000000081400000, 0x0000000100000000)
  region size 1024K, 0 young (0K), 0 survivors (0K)
 Metaspace       used 58695K, capacity 59373K, committed 59648K, reserved 1101824K
  class space    used 7610K, capacity 7877K, committed 7936K, reserved 1048576K
}
Event: 648.457 GC heap before
{Heap before GC invocations=22 (full 2):
 garbage-first heap   total 71680K, used 56455K [0x0000000081400000, 0x0000000100000000)
  region size 1024K, 36 young (36864K), 0 survivors (0K)
 Metaspace       used 58727K, capacity 59419K, committed 59648K, reserved 1101824K
  class space    used 7617K, capacity 7889K, committed 7936K, reserved 1048576K
}
Event: 648.460 GC heap after
{Heap after GC invocations=23 (full 2):
 garbage-first heap   total 71680K, used 23166K [0x0000000081400000, 0x0000000100000000)
  region size 1024K, 3 young (3072K), 3 survivors (3072K)
 Metaspace       used 58727K, capacity 59419K, committed 59648K, reserved 1101824K
  class space    used 7617K, capacity 7889K, committed 7936K, reserved 1048576K
}
Event: 648.532 GC heap before
{Heap before GC invocations=23 (full 2):
 garbage-first heap   total 71680K, used 55934K [0x0000000081400000, 0x0000000100000000)
  region size 1024K, 36 young (36864K), 3 survivors (3072K)
 Metaspace       used 58728K, capacity 59419K, committed 59648K, reserved 1101824K
  class space    used 7618K, capacity 7889K, committed 7936K, reserved 1048576K
}
Event: 648.536 GC heap after
{Heap after GC invocations=24 (full 2):
 garbage-first heap   total 71680K, used 22907K [0x0000000081400000, 0x0000000100000000)
  region size 1024K, 3 young (3072K), 3 survivors (3072K)
 Metaspace       used 58728K, capacity 59419K, committed 59648K, reserved 1101824K
  class space    used 7618K, capacity 7889K, committed 7936K, reserved 1048576K
}

